#
# There is insufficient memory for the Java Runtime Environment to continue.
# Native memory allocation (malloc) failed to allocate 32784 bytes for Chunk::new
# Possible reasons:
#   The system is out of physical RAM or swap space
#   In 32 bit mode, the process size limit was hit
# Possible solutions:
#   Reduce memory load on the system
#   Increase physical memory or swap space
#   Check if swap backing store is full
#   Use 64 bit Java on a 64 bit OS
#   Decrease Java heap size (-Xmx/-Xms)
#   Decrease number of Java threads
#   Decrease Java thread stack sizes (-Xss)
#   Set larger code cache with -XX:ReservedCodeCacheSize=
# This output file may be truncated or incomplete.
#
#  Out of Memory Error (allocation.cpp:390), pid=116768, tid=0x000000000001e8e8
#
# JRE version: Java(TM) SE Runtime Environment (8.0_144-b01) (build 1.8.0_144-b01)
# Java VM: Java HotSpot(TM) 64-Bit Server VM (25.144-b01 mixed mode windows-amd64 compressed oops)
# Failed to write core dump. Minidumps are not enabled by default on client versions of Windows
#

---------------  T H R E A D  ---------------

Current thread (0x000000001817c800):  JavaThread "C2 CompilerThread1" daemon [_thread_in_native, id=125160, stack(0x0000000019c80000,0x0000000019d80000)]

Stack: [0x0000000019c80000,0x0000000019d80000]
[error occurred during error reporting (printing stack bounds), id 0xc0000005]

Native frames: (J=compiled Java code, j=interpreted, Vv=VM code, C=native code)


Current CompileTask:
C2:   2668 1569       4       sun.misc.ProxyGenerator$ConstantPool::getIndirect (67 bytes)


---------------  P R O C E S S  ---------------

Java Threads: ( => current thread )
  0x0000000019547800 JavaThread "Service Thread" daemon [_thread_blocked, id=115888, stack(0x0000000019e80000,0x0000000019f80000)]
  0x000000001817e000 JavaThread "C1 CompilerThread2" daemon [_thread_blocked, id=118448, stack(0x0000000019d80000,0x0000000019e80000)]
=>0x000000001817c800 JavaThread "C2 CompilerThread1" daemon [_thread_in_native, id=125160, stack(0x0000000019c80000,0x0000000019d80000)]
  0x0000000018179800 JavaThread "C2 CompilerThread0" daemon [_thread_blocked, id=16160, stack(0x0000000019b80000,0x0000000019c80000)]
  0x0000000018177000 JavaThread "Monitor Ctrl-Break" daemon [_thread_in_native, id=96880, stack(0x0000000019a80000,0x0000000019b80000)]
  0x0000000018147000 JavaThread "Attach Listener" daemon [_thread_blocked, id=122680, stack(0x0000000019980000,0x0000000019a80000)]
  0x0000000018134000 JavaThread "Signal Dispatcher" daemon [_thread_blocked, id=125100, stack(0x0000000019880000,0x0000000019980000)]
  0x000000001810a800 JavaThread "Finalizer" daemon [_thread_blocked, id=125104, stack(0x0000000019380000,0x0000000019480000)]
  0x00000000180e9000 JavaThread "Reference Handler" daemon [_thread_blocked, id=121640, stack(0x0000000019280000,0x0000000019380000)]
  0x00000000034f5800 JavaThread "main" [_thread_in_Java, id=110916, stack(0x0000000003270000,0x0000000003370000)]

Other Threads:
  0x00000000180e8000 VMThread [stack: 0x0000000019180000,0x0000000019280000] [id=114008]
  0x0000000019580000 WatcherThread [stack: 0x0000000019f80000,0x000000001a080000] [id=125512]

VM state:not at safepoint (normal execution)

VM Mutex/Monitor currently owned by a thread: None

Heap:
 PSYoungGen      total 38400K, used 34095K [0x00000000d5f00000, 0x00000000daa00000, 0x0000000100000000)
  eden space 33280K, 87% used [0x00000000d5f00000,0x00000000d7b52a48,0x00000000d7f80000)
  from space 5120K, 99% used [0x00000000d8480000,0x00000000d89793f8,0x00000000d8980000)
  to   space 5120K, 0% used [0x00000000d7f80000,0x00000000d7f80000,0x00000000d8480000)
 ParOldGen       total 87552K, used 1150K [0x0000000081c00000, 0x0000000087180000, 0x00000000d5f00000)
  object space 87552K, 1% used [0x0000000081c00000,0x0000000081d1fab0,0x0000000087180000)
 Metaspace       used 16772K, capacity 17690K, committed 17792K, reserved 1064960K
  class space    used 2147K, capacity 2341K, committed 2432K, reserved 1048576K

Card table byte_map: [0x00000000129b0000,0x0000000012db0000] byte_map_base: 0x00000000125a2000

Marking Bits: (ParMarkBitMap*) 0x000000007286d850
 Begin Bits: [0x0000000013460000, 0x00000000153f0000)
 End Bits:   [0x00000000153f0000, 0x0000000017380000)

Polling page: 0x00000000010c0000

CodeCache: size=245760Kb used=5095Kb max_used=5101Kb free=240664Kb
 bounds [0x00000000035f0000, 0x0000000003af0000, 0x00000000125f0000]
 total_blobs=1931 nmethods=1571 adapters=272
 compilation: enabled

Compilation events (10 events):
Event: 2.658 Thread 0x000000001817c800 1569       4       sun.misc.ProxyGenerator$ConstantPool::getIndirect (67 bytes)
Event: 2.658 Thread 0x0000000018179800 1570       4       sun.misc.ProxyGenerator$ConstantPool$IndirectEntry::equals (49 bytes)
Event: 2.658 Thread 0x000000001817e000 nmethod 1567 0x0000000003aea350 code [0x0000000003aea4c0, 0x0000000003aea7f0]
Event: 2.658 Thread 0x000000001817e000 1568       3       java.util.HashMap$Values::iterator (12 bytes)
Event: 2.658 Thread 0x000000001817e000 nmethod 1568 0x0000000003aea950 code [0x0000000003aeaac0, 0x0000000003aead28]
Event: 2.659 Thread 0x000000001817e000 1571       3       java.lang.Class::privateGetDeclaredMethods (67 bytes)
Event: 2.659 Thread 0x0000000018179800 nmethod 1570 0x0000000003aedad0 code [0x0000000003aedc20, 0x0000000003aedcd8]
Event: 2.659 Thread 0x000000001817e000 nmethod 1571 0x0000000003aecc10 code [0x0000000003aece00, 0x0000000003aed728]
Event: 2.659 Thread 0x000000001817e000 1572       1       org.springframework.core.annotation.AnnotationTypeMapping::getRoot (5 bytes)
Event: 2.660 Thread 0x000000001817e000 nmethod 1572 0x0000000003aec950 code [0x0000000003aecaa0, 0x0000000003aecbb0]

GC Heap History (4 events):
Event: 1.376 GC heap before
{Heap before GC invocations=1 (full 0):
 PSYoungGen      total 38400K, used 33280K [0x00000000d5f00000, 0x00000000d8980000, 0x0000000100000000)
  eden space 33280K, 100% used [0x00000000d5f00000,0x00000000d7f80000,0x00000000d7f80000)
  from space 5120K, 0% used [0x00000000d8480000,0x00000000d8480000,0x00000000d8980000)
  to   space 5120K, 0% used [0x00000000d7f80000,0x00000000d7f80000,0x00000000d8480000)
 ParOldGen       total 87552K, used 0K [0x0000000081c00000, 0x0000000087180000, 0x00000000d5f00000)
  object space 87552K, 0% used [0x0000000081c00000,0x0000000081c00000,0x0000000087180000)
 Metaspace       used 9101K, capacity 9438K, committed 9728K, reserved 1058816K
  class space    used 1079K, capacity 1163K, committed 1280K, reserved 1048576K
Event: 1.382 GC heap after
Heap after GC invocations=1 (full 0):
 PSYoungGen      total 38400K, used 4694K [0x00000000d5f00000, 0x00000000d8980000, 0x0000000100000000)
  eden space 33280K, 0% used [0x00000000d5f00000,0x00000000d5f00000,0x00000000d7f80000)
  from space 5120K, 91% used [0x00000000d7f80000,0x00000000d8415ad8,0x00000000d8480000)
  to   space 5120K, 0% used [0x00000000d8480000,0x00000000d8480000,0x00000000d8980000)
 ParOldGen       total 87552K, used 8K [0x0000000081c00000, 0x0000000087180000, 0x00000000d5f00000)
  object space 87552K, 0% used [0x0000000081c00000,0x0000000081c02000,0x0000000087180000)
 Metaspace       used 9101K, capacity 9438K, committed 9728K, reserved 1058816K
  class space    used 1079K, capacity 1163K, committed 1280K, reserved 1048576K
}
Event: 1.946 GC heap before
{Heap before GC invocations=2 (full 0):
 PSYoungGen      total 38400K, used 37974K [0x00000000d5f00000, 0x00000000d8980000, 0x0000000100000000)
  eden space 33280K, 100% used [0x00000000d5f00000,0x00000000d7f80000,0x00000000d7f80000)
  from space 5120K, 91% used [0x00000000d7f80000,0x00000000d8415ad8,0x00000000d8480000)
  to   space 5120K, 0% used [0x00000000d8480000,0x00000000d8480000,0x00000000d8980000)
 ParOldGen       total 87552K, used 8K [0x0000000081c00000, 0x0000000087180000, 0x00000000d5f00000)
  object space 87552K, 0% used [0x0000000081c00000,0x0000000081c02000,0x0000000087180000)
 Metaspace       used 13460K, capacity 14172K, committed 14464K, reserved 1062912K
  class space    used 1671K, capacity 1826K, committed 1920K, reserved 1048576K
Event: 1.958 GC heap after
Heap after GC invocations=2 (full 0):
 PSYoungGen      total 38400K, used 5092K [0x00000000d5f00000, 0x00000000daa00000, 0x0000000100000000)
  eden space 33280K, 0% used [0x00000000d5f00000,0x00000000d5f00000,0x00000000d7f80000)
  from space 5120K, 99% used [0x00000000d8480000,0x00000000d89793f8,0x00000000d8980000)
  to   space 5120K, 0% used [0x00000000d7f80000,0x00000000d7f80000,0x00000000d8480000)
 ParOldGen       total 87552K, used 1150K [0x0000000081c00000, 0x0000000087180000, 0x00000000d5f00000)
  object space 87552K, 1% used [0x0000000081c00000,0x0000000081d1fab0,0x0000000087180000)
 Metaspace       used 13460K, capacity 14172K, committed 14464K, reserved 1062912K
  class space    used 1671K, capacity 1826K, committed 1920K, reserved 1048576K
}

Deoptimization events (10 events):
Event: 1.203 Thread 0x00000000034f5800 Uncommon trap: reason=class_check action=maybe_recompile pc=0x00000000037fc91c method=java.lang.String.equals(Ljava/lang/Object;)Z @ 8
Event: 1.203 Thread 0x00000000034f5800 Uncommon trap: reason=class_check action=maybe_recompile pc=0x00000000037fc91c method=java.lang.String.equals(Ljava/lang/Object;)Z @ 8
Event: 1.373 Thread 0x00000000034f5800 Uncommon trap: reason=class_check action=maybe_recompile pc=0x000000000392a4f8 method=java.util.HashMap.putVal(ILjava/lang/Object;Ljava/lang/Object;ZZ)Ljava/lang/Object; @ 203
Event: 1.445 Thread 0x00000000034f5800 Uncommon trap: reason=range_check action=make_not_entrant pc=0x0000000003873e60 method=sun.reflect.generics.parser.SignatureParser.current()C @ 34
Event: 1.703 Thread 0x00000000034f5800 Uncommon trap: reason=unstable_if action=reinterpret pc=0x0000000003914db8 method=java.util.HashMap.putVal(ILjava/lang/Object;Ljava/lang/Object;ZZ)Ljava/lang/Object; @ 236
Event: 1.708 Thread 0x00000000034f5800 Uncommon trap: reason=unstable_if action=reinterpret pc=0x0000000003786e70 method=java.lang.String.indexOf([CII[CIII)I @ 3
Event: 2.224 Thread 0x00000000034f5800 Uncommon trap: reason=unstable_if action=reinterpret pc=0x0000000003a21a88 method=java.net.URL.<init>(Ljava/net/URL;Ljava/lang/String;Ljava/net/URLStreamHandler;)V @ 347
Event: 2.342 Thread 0x00000000034f5800 Uncommon trap: reason=null_assert action=make_not_entrant pc=0x00000000038f5cc0 method=java.util.zip.ZipEntry.<init>(Ljava/util/zip/ZipEntry;)V @ 70
Event: 2.368 Thread 0x00000000034f5800 Uncommon trap: reason=unstable_if action=reinterpret pc=0x000000000386dd3c method=java.util.HashMap.hash(Ljava/lang/Object;)I @ 1
Event: 2.610 Thread 0x00000000034f5800 Uncommon trap: reason=unstable_if action=reinterpret pc=0x0000000003809ac8 method=java.io.WinNTFileSystem.normalize(Ljava/lang/String;)Ljava/lang/String; @ 128

Internal exceptions (10 events):
Event: 2.565 Thread 0x00000000034f5800 Exception <a 'java/lang/ClassNotFoundException': org/springframework/core/PriorityOrderedCustomizer> (0x00000000d76f16e0) thrown at [C:\re\workspace\8-2-build-windows-amd64-cygwin\jdk8u144\9417\hotspot\src\share\vm\classfile\systemDictionary.cpp, line 210
Event: 2.565 Thread 0x00000000034f5800 Exception <a 'java/lang/ClassNotFoundException': org/springframework/core/OrderedCustomizer> (0x00000000d7702a58) thrown at [C:\re\workspace\8-2-build-windows-amd64-cygwin\jdk8u144\9417\hotspot\src\share\vm\classfile\systemDictionary.cpp, line 210]
Event: 2.565 Thread 0x00000000034f5800 Exception <a 'java/lang/ClassNotFoundException': org/springframework/context/ResourceLoaderAwareCustomizer> (0x00000000d77186e8) thrown at [C:\re\workspace\8-2-build-windows-amd64-cygwin\jdk8u144\9417\hotspot\src\share\vm\classfile\systemDictionary.cpp, l
Event: 2.566 Thread 0x00000000034f5800 Exception <a 'java/lang/ClassNotFoundException': org/springframework/beans/factory/AwareCustomizer> (0x00000000d772ca78) thrown at [C:\re\workspace\8-2-build-windows-amd64-cygwin\jdk8u144\9417\hotspot\src\share\vm\classfile\systemDictionary.cpp, line 210]
Event: 2.566 Thread 0x00000000034f5800 Exception <a 'java/lang/ClassNotFoundException': org/springframework/context/ApplicationStartupAwareCustomizer> (0x00000000d7742e18) thrown at [C:\re\workspace\8-2-build-windows-amd64-cygwin\jdk8u144\9417\hotspot\src\share\vm\classfile\systemDictionary.cp
Event: 2.567 Thread 0x00000000034f5800 Exception <a 'java/lang/ClassNotFoundException': org/springframework/beans/factory/AwareCustomizer> (0x00000000d7757630) thrown at [C:\re\workspace\8-2-build-windows-amd64-cygwin\jdk8u144\9417\hotspot\src\share\vm\classfile\systemDictionary.cpp, line 210]
Event: 2.567 Thread 0x00000000034f5800 Exception <a 'java/lang/ClassNotFoundException': org/springframework/beans/factory/BeanClassLoaderAwareCustomizer> (0x00000000d776e3d8) thrown at [C:\re\workspace\8-2-build-windows-amd64-cygwin\jdk8u144\9417\hotspot\src\share\vm\classfile\systemDictionary
Event: 2.568 Thread 0x00000000034f5800 Exception <a 'java/lang/ClassNotFoundException': org/springframework/beans/factory/AwareCustomizer> (0x00000000d77827f0) thrown at [C:\re\workspace\8-2-build-windows-amd64-cygwin\jdk8u144\9417\hotspot\src\share\vm\classfile\systemDictionary.cpp, line 210]
Event: 2.568 Thread 0x00000000034f5800 Exception <a 'java/lang/ClassNotFoundException': org/springframework/context/EnvironmentAwareCustomizer> (0x00000000d7796c60) thrown at [C:\re\workspace\8-2-build-windows-amd64-cygwin\jdk8u144\9417\hotspot\src\share\vm\classfile\systemDictionary.cpp, line
Event: 2.569 Thread 0x00000000034f5800 Exception <a 'java/lang/ClassNotFoundException': org/springframework/beans/factory/AwareCustomizer> (0x00000000d77aaee8) thrown at [C:\re\workspace\8-2-build-windows-amd64-cygwin\jdk8u144\9417\hotspot\src\share\vm\classfile\systemDictionary.cpp, line 210]

Events (10 events):
Event: 2.651 loading class org/junit/jupiter/api/Test
Event: 2.651 loading class org/junit/jupiter/api/Test done
Event: 2.654 loading class org/junit/platform/commons/annotation/Testable
Event: 2.654 loading class org/junit/platform/commons/annotation/Testable done
Event: 2.660 loading class org/springframework/core/annotation/MergedAnnotationsCollection
Event: 2.660 loading class org/springframework/core/annotation/MergedAnnotationsCollection done
Event: 2.661 loading class org/springframework/core/type/classreading/SimpleAnnotationMetadata
Event: 2.661 loading class org/springframework/core/type/classreading/SimpleAnnotationMetadata done
Event: 2.662 loading class org/springframework/boot/test/context/TestComponent
Event: 2.662 loading class org/springframework/boot/test/context/TestComponent done


Dynamic libraries:
0x00007ff71b2c0000 - 0x00007ff71b2f7000 	C:\Program Files\Java\jdk1.8.0_144\bin\java.exe
0x00007ff841740000 - 0x00007ff841930000 	C:\WINDOWS\SYSTEM32\ntdll.dll
0x00007ff840620000 - 0x00007ff8406d2000 	C:\WINDOWS\System32\KERNEL32.DLL
0x00007ff83ead0000 - 0x00007ff83ed75000 	C:\WINDOWS\System32\KERNELBASE.dll
0x00007ff83fd10000 - 0x00007ff83fdb3000 	C:\WINDOWS\System32\ADVAPI32.dll
0x00007ff840da0000 - 0x00007ff840e3e000 	C:\WINDOWS\System32\msvcrt.dll
0x00007ff840e40000 - 0x00007ff840ed7000 	C:\WINDOWS\System32\sechost.dll
0x00007ff8415e0000 - 0x00007ff8416ff000 	C:\WINDOWS\System32\RPCRT4.dll
0x00007ff841370000 - 0x00007ff841504000 	C:\WINDOWS\System32\USER32.dll
0x00007ff83e6b0000 - 0x00007ff83e6d1000 	C:\WINDOWS\System32\win32u.dll
0x00007ff841120000 - 0x00007ff841146000 	C:\WINDOWS\System32\GDI32.dll
0x00007ff83f600000 - 0x00007ff83f798000 	C:\WINDOWS\System32\gdi32full.dll
0x00007ff83ed80000 - 0x00007ff83ee1e000 	C:\WINDOWS\System32\msvcp_win.dll
0x00007ff83e7c0000 - 0x00007ff83e8ba000 	C:\WINDOWS\System32\ucrtbase.dll
0x00007ff830000000 - 0x00007ff830284000 	C:\WINDOWS\WinSxS\amd64_microsoft.windows.common-controls_6595b64144ccf1df_6.0.18362.1500_none_9e79be6de462295c\COMCTL32.dll
0x00007ff8408d0000 - 0x00007ff840c06000 	C:\WINDOWS\System32\combase.dll
0x00007ff83e730000 - 0x00007ff83e7b1000 	C:\WINDOWS\System32\bcryptPrimitives.dll
0x00007ff840820000 - 0x00007ff84084e000 	C:\WINDOWS\System32\IMM32.DLL
0x00000000737d0000 - 0x00000000738a2000 	C:\Program Files\Java\jdk1.8.0_144\jre\bin\msvcr100.dll
0x0000000072050000 - 0x00000000728ed000 	C:\Program Files\Java\jdk1.8.0_144\jre\bin\server\jvm.dll
0x00007ff840f60000 - 0x00007ff840f68000 	C:\WINDOWS\System32\PSAPI.DLL
0x00007ff83d080000 - 0x00007ff83d089000 	C:\WINDOWS\SYSTEM32\WSOCK32.dll
0x00007ff83a860000 - 0x00007ff83a884000 	C:\WINDOWS\SYSTEM32\WINMM.dll
0x00007ff841570000 - 0x00007ff8415df000 	C:\WINDOWS\System32\WS2_32.dll
0x00007ff83e1d0000 - 0x00007ff83e1da000 	C:\WINDOWS\SYSTEM32\VERSION.dll
0x00007ff83a830000 - 0x00007ff83a85d000 	C:\WINDOWS\SYSTEM32\WINMMBASE.dll
0x00007ff83e6e0000 - 0x00007ff83e72a000 	C:\WINDOWS\System32\cfgmgr32.dll
0x0000000073950000 - 0x000000007395f000 	C:\Program Files\Java\jdk1.8.0_144\jre\bin\verify.dll
0x0000000073920000 - 0x0000000073949000 	C:\Program Files\Java\jdk1.8.0_144\jre\bin\java.dll
0x0000000073610000 - 0x0000000073633000 	C:\Program Files\Java\jdk1.8.0_144\jre\bin\instrument.dll
0x0000000073900000 - 0x0000000073916000 	C:\Program Files\Java\jdk1.8.0_144\jre\bin\zip.dll
0x00007ff83fdd0000 - 0x00007ff8404b8000 	C:\WINDOWS\System32\SHELL32.dll
0x00007ff83f7f0000 - 0x00007ff83f897000 	C:\WINDOWS\System32\shcore.dll
0x00007ff83ee20000 - 0x00007ff83f59b000 	C:\WINDOWS\System32\windows.storage.dll
0x00007ff83e650000 - 0x00007ff83e66e000 	C:\WINDOWS\System32\profapi.dll
0x00007ff83e600000 - 0x00007ff83e64a000 	C:\WINDOWS\System32\powrprof.dll
0x00007ff83e5f0000 - 0x00007ff83e600000 	C:\WINDOWS\System32\UMPDC.dll
0x00007ff8412b0000 - 0x00007ff841302000 	C:\WINDOWS\System32\shlwapi.dll
0x00007ff83e670000 - 0x00007ff83e681000 	C:\WINDOWS\System32\kernel.appcore.dll
0x00007ff83f7d0000 - 0x00007ff83f7e7000 	C:\WINDOWS\System32\cryptsp.dll
0x00007ff82bed0000 - 0x00007ff82beea000 	C:\Program Files\JetBrains\IntelliJ IDEA 2021.1\bin\breakgen64.dll
0x00000000737a0000 - 0x00000000737ba000 	C:\Program Files\Java\jdk1.8.0_144\jre\bin\net.dll
0x00007ff83ddc0000 - 0x00007ff83de27000 	C:\WINDOWS\system32\mswsock.dll
0x00000000737c0000 - 0x00000000737cd000 	C:\Program Files\Java\jdk1.8.0_144\jre\bin\management.dll
0x00007ff828180000 - 0x00007ff828196000 	C:\WINDOWS\system32\napinsp.dll
0x00007ff828160000 - 0x00007ff82817a000 	C:\WINDOWS\system32\pnrpnsp.dll
0x00007ff83db10000 - 0x00007ff83dbdb000 	C:\WINDOWS\SYSTEM32\DNSAPI.dll
0x00007ff83fdc0000 - 0x00007ff83fdc8000 	C:\WINDOWS\System32\NSI.dll
0x00007ff83dad0000 - 0x00007ff83db0a000 	C:\WINDOWS\SYSTEM32\IPHLPAPI.DLL
0x00007ff828150000 - 0x00007ff82815e000 	C:\WINDOWS\System32\winrnr.dll
0x00007ff83a810000 - 0x00007ff83a82c000 	C:\WINDOWS\system32\NLAapi.dll
0x00007ff828130000 - 0x00007ff828145000 	C:\WINDOWS\system32\wshbth.dll
0x00007ff829ad0000 - 0x00007ff829ae6000 	C:\WINDOWS\system32\wlidnsp.dll
0x00007ff831980000 - 0x00007ff83198a000 	C:\Windows\System32\rasadhlp.dll
0x00007ff831b80000 - 0x00007ff831bf7000 	C:\WINDOWS\System32\fwpuclnt.dll
0x00007ff83f7a0000 - 0x00007ff83f7c6000 	C:\WINDOWS\System32\bcrypt.dll
0x0000000073780000 - 0x0000000073791000 	C:\Program Files\Java\jdk1.8.0_144\jre\bin\nio.dll

VM Arguments:
jvm_args: -ea -Didea.test.cyclic.buffer.size=1048576 -javaagent:C:\Program Files\JetBrains\IntelliJ IDEA 2021.1\lib\idea_rt.jar=32828:C:\Program Files\JetBrains\IntelliJ IDEA 2021.1\bin -Dfile.encoding=UTF-8 
java_command: com.intellij.rt.junit.JUnitStarter -ideVersion5 -junit4 com.tong.rabbitmq_demo.RabbitmqTest
java_class_path (initial): C:\Program Files\JetBrains\IntelliJ IDEA 2021.1\lib\idea_rt.jar;C:\Program Files\JetBrains\IntelliJ IDEA 2021.1\plugins\junit\lib\junit5-rt.jar;C:\Program Files\JetBrains\IntelliJ IDEA 2021.1\plugins\junit\lib\junit-rt.jar;C:\Program Files\Java\jdk1.8.0_144\jre\lib\charsets.jar;C:\Program Files\Java\jdk1.8.0_144\jre\lib\deploy.jar;C:\Program Files\Java\jdk1.8.0_144\jre\lib\ext\UiPathBridge.jar;C:\Program Files\Java\jdk1.8.0_144\jre\lib\ext\access-bridge-64.jar;C:\Program Files\Java\jdk1.8.0_144\jre\lib\ext\cldrdata.jar;C:\Program Files\Java\jdk1.8.0_144\jre\lib\ext\dnsns.jar;C:\Program Files\Java\jdk1.8.0_144\jre\lib\ext\jaccess.jar;C:\Program Files\Java\jdk1.8.0_144\jre\lib\ext\jfxrt.jar;C:\Program Files\Java\jdk1.8.0_144\jre\lib\ext\localedata.jar;C:\Program Files\Java\jdk1.8.0_144\jre\lib\ext\nashorn.jar;C:\Program Files\Java\jdk1.8.0_144\jre\lib\ext\sunec.jar;C:\Program Files\Java\jdk1.8.0_144\jre\lib\ext\sunjce_provider.jar;C:\Program Files\Java\jdk1.8.0_144\jre\lib\ext\sunmscapi.jar;C:\Program Files\Java\jdk1.8.0_144\jre\lib\ext\sunpkcs11.jar;C:\Program Files\Java\jdk1.8.0_144\jre\lib\ext\zipfs.jar;C:\Program Files\Java\jdk1.8.0_144\jre\lib\javaws.jar;C:\Program Files\Java\jdk1.8.0_144\jre\lib\jce.jar;C:\Program Files\Java\jdk1.8.0_144\jre\lib\jfr.jar;C:\Program Files\Java\jdk1.8.0_144\jre\lib\jfxswt.jar;C:\Program Files\Java\jdk1.8.0_144\jre\lib\jsse.jar;C:\Program Files\Java\jdk1.8.0_144\jre\lib\management-agent.jar;C:\Program Files\Java\jdk1.8.0_144\jre\lib\plugin.jar;C:\Program Files\Java\jdk1.8.0_144\jre\lib\resources.jar;C:\Program Files\Java\jdk1.8.0_144\jre\lib\rt.jar;D:\Tong\RabbitMQ_Demo\target\test-classes;D:\Tong\RabbitMQ_Demo\target\classes;C:\Users\SIEBRE\.m2\repository\org\springframework\boot\spring-boot-starter\2.5.3\spring-boot-starter-2.5.3.jar;C:\Users\SIEBRE\.m2\repository\org\springframework\boot\spring-boot\2.5.3\spring-boot-2.5.3.jar;C:\Users\SIEBRE\.m2\repository\org\springframework\spring-context\5.3.9\spr
Launcher Type: SUN_STANDARD

Environment Variables:
JAVA_HOME=C:\Program Files\Java\jdk1.8.0_144
CLASSPATH=D:\Tools\apache-jmeter-5.4.1\lib\ext\ApacheJMeter_core.jar;D:\Tools\apache-jmeter-5.4.1\lib\jorphan.jar;D:\Tools\apache-jmeter-5.4.1\lib/logkit-2.0.jar;?


PATH=C:\Program Files (x86)\NetSarang\Xshell 6\;C:\Program Files (x86)\NetSarang\Xftp 6\;C:\Program Files\Java\jdk1.8.0_144\bin;C:\ProgramData\Oracle\Java\javapath;C:\Program Files (x86)\Intel\iCLS Client\;C:\Program Files\Intel\iCLS Client\;C:\WINDOWS\system32;C:\WINDOWS;C:\WINDOWS\System32\Wbem;C:\WINDOWS\System32\WindowsPowerShell\v1.0\;C:\Program Files (x86)\Intel\Intel(R) Management Engine Components\DAL;C:\Program Files\Intel\Intel(R) Management Engine Components\DAL;C:\Program Files (x86)\Intel\Intel(R) Management Engine Components\IPT;C:\Program Files\Intel\Intel(R) Management Engine Components\IPT;C:\Program Files\Git\cmd;C:\Program Files\TortoiseSVN\bin;C:\Program Files\MySQL\MySQL Utilities 1.6\;C:\WINDOWS\System32\OpenSSH\;D:\DB2_ODBC\clidriver\bin;C:\Program Files\Intel\WiFi\bin\;C:\Program Files\Common Files\Intel\WirelessCommon\;C:\Program Files\nodejs\;D:\Tools\android-sdk_r24.4.1-windows\android-sdk-windows\platform-tools;D:\Tools\android-sdk_r24.4.1-windows\android-sdk-windows\tools;D:\Program Files\Nox\bin;D:\Tools\redis;D:\Tools\erl-24.0\bin;C:\Users\SIEBRE\AppData\Local\Programs\Python\Python39\Scripts\;C:\Users\SIEBRE\AppData\Local\Programs\Python\Python39\;C:\Users\SIEBRE\AppData\Local\Programs\Python\Python36\Scripts\;C:\Users\SIEBRE\AppData\Local\Programs\Python\Python36\;C:\Program Files (x86)\Java\jre1.8.0_151\bin;C:\Users\SIEBRE\AppData\Local\Microsoft\WindowsApps;D:\sonar-scanner-cli-3.0.3.778-windows\sonar-scanner-3.0.3.778-windows\bin;D:\Fiddler;C:\Users\SIEBRE\AppData\Local\Microsoft\WindowsApps;C:\Program Files\Java\jdk1.8.0_144\bin;;C:\Program Files\JetBrains\PyCharm Community Edition 2020.2.3\bin;;C:\Users\SIEBRE\AppData\Roaming\npm;D:\Tools\IntelliJ IDEA Community Edition 2020.3\bin;
USERNAME=SIEBRE
OS=Windows_NT
PROCESSOR_IDENTIFIER=Intel64 Family 6 Model 94 Stepping 3, GenuineIntel



---------------  S Y S T E M  ---------------

OS: Windows 10.0 , 64 bit Build 18362 (10.0.18362.1500)

CPU:total 4 (initial active 4) (4 cores per cpu, 1 threads per core) family 6 model 94 stepping 3, cmov, cx8, fxsr, mmx, sse, sse2, sse3, ssse3, sse4.1, sse4.2, popcnt, avx, avx2, aes, clmul, erms, rtm, 3dnowpref, lzcnt, tsc, tscinvbit, bmi1, bmi2, adx

Memory: 4k page, physical 8268732k(1595796k free), swap 22596072k(5076k free)

vm_info: Java HotSpot(TM) 64-Bit Server VM (25.144-b01) for windows-amd64 JRE (1.8.0_144-b01), built on Jul 21 2017 21:57:33 by "java_re" with MS VC++ 10.0 (VS2010)

time: Thu Aug 05 11:24:37 2021
elapsed time: 2 seconds (0d 0h 0m 2s)

